<?xml version="1.0" encoding="UTF-8"?>
<testng-results ignored="0" total="1" passed="0" failed="1" skipped="0">
  <reporter-output>
    <line>
      <![CDATA[WaitTime : 500]]>
    </line>
    <line>
      <![CDATA[Entered value is : Phoneno]]>
    </line>
    <line>
      <![CDATA[Sending Mobile Number]]>
    </line>
    <line>
      <![CDATA[WaitTime : 1000]]>
    </line>
    <line>
      <![CDATA[Click on sign in]]>
    </line>
    <line>
      <![CDATA[WaitTime : 2000]]>
    </line>
    <line>
      <![CDATA[Entered value is : Passcode]]>
    </line>
    <line>
      <![CDATA[Entering Passcode]]>
    </line>
    <line>
      <![CDATA[WaitTime : 8000]]>
    </line>
    <line>
      <![CDATA[Click on submit button]]>
    </line>
    <line>
      <![CDATA[WaitTime : 100000]]>
    </line>
    <line>
      <![CDATA[Click on Ok option]]>
    </line>
    <line>
      <![CDATA[WaitTime : 100000]]>
    </line>
    <line>
      <![CDATA[Click Close option]]>
    </line>
    <line>
      <![CDATA[Get UserNameHi Pramila Chopra]]>
    </line>
    <line>
      <![CDATA[Entered value is : Username]]>
    </line>
    <line>
      <![CDATA[Test Case validateUserName Failed]]>
    </line>
    <line>
      <![CDATA[Take ScreeenShot]]>
    </line>
  </reporter-output>
  <suite started-at="2022-11-30T21:08:15 IST" name="Default suite" finished-at="2022-11-30T21:08:43 IST" duration-ms="27298">
    <groups>
    </groups>
    <test started-at="2022-11-30T21:08:15 IST" name="Default test" finished-at="2022-11-30T21:08:43 IST" duration-ms="27298">
      <class name="NeoStoxTest.NeoStexValidateUserNameTest">
        <test-method is-config="true" signature="openBroswer()[pri:0, instance:NeoStoxTest.NeoStexValidateUserNameTest@4310d43]" started-at="2022-11-30T21:08:15 IST" name="openBroswer" finished-at="2022-11-30T21:08:31 IST" duration-ms="15451" status="PASS">
          <reporter-output>
            <line>
              <![CDATA[WaitTime : 500]]>
            </line>
          </reporter-output>
        </test-method> <!-- openBroswer -->
        <test-method is-config="true" signature="logintoNewStox()[pri:0, instance:NeoStoxTest.NeoStexValidateUserNameTest@4310d43]" started-at="2022-11-30T21:08:31 IST" name="logintoNewStox" finished-at="2022-11-30T21:08:42 IST" duration-ms="10616" status="PASS">
          <reporter-output>
            <line>
              <![CDATA[Entered value is : Phoneno]]>
            </line>
            <line>
              <![CDATA[Sending Mobile Number]]>
            </line>
            <line>
              <![CDATA[WaitTime : 1000]]>
            </line>
            <line>
              <![CDATA[Click on sign in]]>
            </line>
            <line>
              <![CDATA[WaitTime : 2000]]>
            </line>
            <line>
              <![CDATA[Entered value is : Passcode]]>
            </line>
            <line>
              <![CDATA[Entering Passcode]]>
            </line>
            <line>
              <![CDATA[WaitTime : 8000]]>
            </line>
            <line>
              <![CDATA[Click on submit button]]>
            </line>
            <line>
              <![CDATA[WaitTime : 100000]]>
            </line>
            <line>
              <![CDATA[Click on Ok option]]>
            </line>
            <line>
              <![CDATA[WaitTime : 100000]]>
            </line>
            <line>
              <![CDATA[Click Close option]]>
            </line>
          </reporter-output>
        </test-method> <!-- logintoNewStox -->
        <test-method signature="validateUserName()[pri:0, instance:NeoStoxTest.NeoStexValidateUserNameTest@4310d43]" started-at="2022-11-30T21:08:42 IST" name="validateUserName" finished-at="2022-11-30T21:08:42 IST" duration-ms="561" status="FAIL">
          <exception class="java.lang.AssertionError">
            <message>
              <![CDATA[User name is not matched expected [Hi Pramila Chopr] but found [Hi Pramila Chopra]]]>
            </message>
            <full-stacktrace>
              <![CDATA[java.lang.AssertionError: User name is not matched expected [Hi Pramila Chopr] but found [Hi Pramila Chopra]
at org.testng.Assert.fail(Assert.java:99)
at org.testng.Assert.failNotEquals(Assert.java:1037)
at org.testng.Assert.assertEqualsImpl(Assert.java:140)
at org.testng.Assert.assertEquals(Assert.java:122)
at org.testng.Assert.assertEquals(Assert.java:629)
at NeoStoxTest.NeoStexValidateUserNameTest.validateUserName(NeoStexValidateUserNameTest.java:57)
at java.base/jdk.internal.reflect.NativeMethodAccessorImpl.invoke0(Native Method)
at java.base/jdk.internal.reflect.NativeMethodAccessorImpl.invoke(NativeMethodAccessorImpl.java:62)
at java.base/jdk.internal.reflect.DelegatingMethodAccessorImpl.invoke(DelegatingMethodAccessorImpl.java:43)
at java.base/java.lang.reflect.Method.invoke(Method.java:566)
at org.testng.internal.MethodInvocationHelper.invokeMethod(MethodInvocationHelper.java:133)
at org.testng.internal.TestInvoker.invokeMethod(TestInvoker.java:598)
at org.testng.internal.TestInvoker.invokeTestMethod(TestInvoker.java:173)
at org.testng.internal.MethodRunner.runInSequence(MethodRunner.java:46)
at org.testng.internal.TestInvoker$MethodInvocationAgent.invoke(TestInvoker.java:824)
at org.testng.internal.TestInvoker.invokeTestMethods(TestInvoker.java:146)
at org.testng.internal.TestMethodWorker.invokeTestMethods(TestMethodWorker.java:146)
at org.testng.internal.TestMethodWorker.run(TestMethodWorker.java:128)
at java.base/java.util.ArrayList.forEach(ArrayList.java:1541)
at org.testng.TestRunner.privateRun(TestRunner.java:794)
at org.testng.TestRunner.run(TestRunner.java:596)
at org.testng.SuiteRunner.runTest(SuiteRunner.java:377)
at org.testng.SuiteRunner.runSequentially(SuiteRunner.java:371)
at org.testng.SuiteRunner.privateRun(SuiteRunner.java:332)
at org.testng.SuiteRunner.run(SuiteRunner.java:276)
at org.testng.SuiteRunnerWorker.runSuite(SuiteRunnerWorker.java:53)
at org.testng.SuiteRunnerWorker.run(SuiteRunnerWorker.java:96)
at org.testng.TestNG.runSuitesSequentially(TestNG.java:1212)
at org.testng.TestNG.runSuitesLocally(TestNG.java:1134)
at org.testng.TestNG.runSuites(TestNG.java:1063)
at org.testng.TestNG.run(TestNG.java:1031)
at org.testng.remote.AbstractRemoteTestNG.run(AbstractRemoteTestNG.java:115)
at org.testng.remote.RemoteTestNG.initAndRun(RemoteTestNG.java:251)
at org.testng.remote.RemoteTestNG.main(RemoteTestNG.java:77)
]]>
            </full-stacktrace>
          </exception> <!-- java.lang.AssertionError -->
          <reporter-output>
            <line>
              <![CDATA[Get UserNameHi Pramila Chopra]]>
            </line>
            <line>
              <![CDATA[Entered value is : Username]]>
            </line>
            <line>
              <![CDATA[Test Case validateUserName Failed]]>
            </line>
            <line>
              <![CDATA[Take ScreeenShot]]>
            </line>
          </reporter-output>
        </test-method> <!-- validateUserName -->
      </class> <!-- NeoStoxTest.NeoStexValidateUserNameTest -->
    </test> <!-- Default test -->
  </suite> <!-- Default suite -->
</testng-results>
